<?xml version="1.0" encoding="UTF-8"?>
<testsuite name="it.unife.sample.backend.BackendApplicationTests" tests="2" skipped="0" failures="0" errors="0" timestamp="2025-05-27T17:16:19.026Z" hostname="DESKTOP-JFH9BTO" time="0.823">
  <properties/>
  <testcase name="testNotExistingTable()" classname="it.unife.sample.backend.BackendApplicationTests" time="0.811"/>
  <testcase name="testExistingTable()" classname="it.unife.sample.backend.BackendApplicationTests" time="0.009"/>
  <system-out><![CDATA[19:16:11.879 [Test worker] INFO org.springframework.test.context.support.AnnotationConfigContextLoaderUtils -- Could not detect default configuration classes for test class [it.unife.sample.backend.BackendApplicationTests]: BackendApplicationTests does not declare any static, non-private, non-final, nested classes annotated with @Configuration.
19:16:12.148 [Test worker] INFO org.springframework.boot.test.context.SpringBootTestContextBootstrapper -- Found @SpringBootConfiguration it.unife.sample.backend.BackendApplication for test class it.unife.sample.backend.BackendApplicationTests

  .   ____          _            __ _ _
 /\\ / ___'_ __ _ _(_)_ __  __ _ \ \ \ \
( ( )\___ | '_ | '_| | '_ \/ _` | \ \ \ \
 \\/  ___)| |_)| | | | | || (_| |  ) ) ) )
  '  |____| .__|_| |_|_| |_\__, | / / / /
 =========|_|==============|___/=/_/_/_/

 :: Spring Boot ::                (v3.4.4)

2025-05-27T19:16:12.928+02:00  INFO 17236 --- [webapp] [    Test worker] i.u.s.backend.BackendApplicationTests    : Starting BackendApplicationTests using Java 21.0.7 with PID 17236 (started by palmi in C:\UNIVERSITA\prjTimesheet\ingsw2025-be)
2025-05-27T19:16:12.932+02:00  INFO 17236 --- [webapp] [    Test worker] i.u.s.backend.BackendApplicationTests    : No active profile set, falling back to 1 default profile: "default"
2025-05-27T19:16:14.006+02:00  INFO 17236 --- [webapp] [    Test worker] .s.d.r.c.RepositoryConfigurationDelegate : Bootstrapping Spring Data JPA repositories in DEFAULT mode.
2025-05-27T19:16:14.108+02:00  INFO 17236 --- [webapp] [    Test worker] .s.d.r.c.RepositoryConfigurationDelegate : Finished Spring Data repository scanning in 85 ms. Found 1 JPA repository interface.
2025-05-27T19:16:14.760+02:00  INFO 17236 --- [webapp] [    Test worker] o.hibernate.jpa.internal.util.LogHelper  : HHH000204: Processing PersistenceUnitInfo [name: default]
2025-05-27T19:16:14.861+02:00  INFO 17236 --- [webapp] [    Test worker] org.hibernate.Version                    : HHH000412: Hibernate ORM core version 6.6.11.Final
2025-05-27T19:16:14.942+02:00  INFO 17236 --- [webapp] [    Test worker] o.h.c.internal.RegionFactoryInitiator    : HHH000026: Second-level cache disabled
2025-05-27T19:16:15.475+02:00  INFO 17236 --- [webapp] [    Test worker] o.s.o.j.p.SpringPersistenceUnitInfo      : No LoadTimeWeaver setup: ignoring JPA class transformer
2025-05-27T19:16:15.531+02:00  INFO 17236 --- [webapp] [    Test worker] com.zaxxer.hikari.HikariDataSource       : HikariPool-1 - Starting...
2025-05-27T19:16:16.088+02:00  INFO 17236 --- [webapp] [    Test worker] com.zaxxer.hikari.pool.HikariPool        : HikariPool-1 - Added connection com.mysql.cj.jdbc.ConnectionImpl@4ede035e
2025-05-27T19:16:16.092+02:00  INFO 17236 --- [webapp] [    Test worker] com.zaxxer.hikari.HikariDataSource       : HikariPool-1 - Start completed.
2025-05-27T19:16:16.178+02:00  WARN 17236 --- [webapp] [    Test worker] org.hibernate.orm.deprecation            : HHH90000025: MySQL8Dialect does not need to be specified explicitly using 'hibernate.dialect' (remove the property setting and it will be selected by default)
2025-05-27T19:16:16.182+02:00  WARN 17236 --- [webapp] [    Test worker] org.hibernate.orm.deprecation            : HHH90000026: MySQL8Dialect has been deprecated; use org.hibernate.dialect.MySQLDialect instead
2025-05-27T19:16:16.225+02:00  INFO 17236 --- [webapp] [    Test worker] org.hibernate.orm.connections.pooling    : HHH10001005: Database info:
	Database JDBC URL [Connecting through datasource 'HikariDataSource (HikariPool-1)']
	Database driver: undefined/unknown
	Database version: 8.0
	Autocommit mode: undefined/unknown
	Isolation level: undefined/unknown
	Minimum pool size: undefined/unknown
	Maximum pool size: undefined/unknown
2025-05-27T19:16:17.538+02:00  INFO 17236 --- [webapp] [    Test worker] o.h.e.t.j.p.i.JtaPlatformInitiator       : HHH000489: No JTA platform available (set 'hibernate.transaction.jta.platform' to enable JTA platform integration)
2025-05-27T19:16:17.607+02:00  INFO 17236 --- [webapp] [    Test worker] j.LocalContainerEntityManagerFactoryBean : Initialized JPA EntityManagerFactory for persistence unit 'default'
2025-05-27T19:16:18.301+02:00  WARN 17236 --- [webapp] [    Test worker] JpaBaseConfiguration$JpaWebConfiguration : spring.jpa.open-in-view is enabled by default. Therefore, database queries may be performed during view rendering. Explicitly configure spring.jpa.open-in-view to disable this warning
2025-05-27T19:16:19.002+02:00  INFO 17236 --- [webapp] [    Test worker] i.u.s.backend.BackendApplicationTests    : Started BackendApplicationTests in 6.565 seconds (process running for 8.522)
]]></system-out>
  <system-err><![CDATA[Mockito is currently self-attaching to enable the inline-mock-maker. This will no longer work in future releases of the JDK. Please add Mockito as an agent to your build what is described in Mockito's documentation: https://javadoc.io/doc/org.mockito/mockito-core/latest/org/mockito/Mockito.html#0.3
WARNING: A Java agent has been loaded dynamically (C:\Users\palmi\.gradle\caches\modules-2\files-2.1\net.bytebuddy\byte-buddy-agent\1.15.11\a38b16385e867f59a641330f0362ebe742788ed8\byte-buddy-agent-1.15.11.jar)
WARNING: If a serviceability tool is in use, please run with -XX:+EnableDynamicAgentLoading to hide this warning
WARNING: If a serviceability tool is not in use, please run with -Djdk.instrument.traceUsage for more information
WARNING: Dynamic loading of agents will be disallowed by default in a future release
]]></system-err>
</testsuite>
